<?xml version="1.0" encoding="UTF-8"?>
<testsuites name="REGRESIONP3" time="41.474" tests="2" failures="0" errors="0">
   <testsuite name="REGRESIONP3" tests="2" failures="0" errors="0" time="41.474" skipped="0" timestamp="2023-08-01 19:05:16" hostname="A2278170 - SIS-A2278170L.edificios.gfbanorte" id="Test Suites/PRUEBA/REGRESIONP3">
      <properties>
         <property name="deviceName" value=""/>
         <property name="devicePlatform" value=""/>
         <property name="logFolder" value="C:\\Katalon\\workshopkatalan\\Reports\\20230801_190506\\PRUEBA\\REGRESIONP3\\20230801_190513"/>
         <property name="logFiles" value="C:\\Katalon\\workshopkatalan\\Reports\\20230801_190506\\PRUEBA\\REGRESIONP3\\20230801_190513\\execution0.log"/>
         <property name="attachments" value="C:\Evidencias\PRACTICA3.JPG"/>
         <property name="hostName" value="A2278170 - SIS-A2278170L.edificios.gfbanorte"/>
         <property name="os" value="Windows 11 64bit"/>
         <property name="katalonVersion" value="8.6.5.208"/>
         <property name="browser" value="Chrome 105.0.0.0"/>
         <property name="hostAddress" value="192.168.0.42"/>
         <property name="sessionId" value="736548ed0e196921bdcb7ab920c3b951"/>
         <property name="seleniumVersion" value="3.141.59"/>
         <property name="proxyInformation" value="ProxyInformation { proxyOption=NO_PROXY, proxyServerType=HTTP, username=, password=********, proxyServerAddress=, proxyServerPort=0, executionList=&quot;&quot;, isApplyToDesiredCapabilities=true }"/>
         <property name="platform" value="Windows 11"/>
      </properties>
      <testcase name="Test Cases/PRACTICA 3/TC01_crearCita" time="27.879" classname="Test Cases/PRACTICA 3/TC01_crearCita" status="PASSED">
         <system-out><![CDATA[2023-08-01 19:05:16 - [TEST_CASE][PASSED] - Test Cases/PRACTICA 3/TC01_crearCita: Test Cases/PRACTICA 3/TC01_crearCita

2023-08-01 19:05:16 - [TEST_STEP][PASSED] - callTestCase(findTestCase("PRACTICA 3/TC02_login"), ["userName":"John Doe", "password":"g3/DOGG74jC3Flrr3yH+3D/yKbOqqUNM"], STOP_ON_FAILURE): Call Test Case 'Test Cases/PRACTICA 3/TC02_login' successfully

2023-08-01 19:05:17 - [TEST_CASE][PASSED] - Test Cases/PRACTICA 3/TC02_login: Test Cases/PRACTICA 3/TC02_login

2023-08-01 19:05:17 - [TEST_STEP][PASSED] - openBrowser(""): Browser is opened with url: ''

2023-08-01 19:05:17 - [MESSAGE][INFO] - Starting 'Chrome' driver

2023-08-01 19:05:17 - [MESSAGE][INFO] - Action delay is set to 0 milliseconds

2023-08-01 19:05:24 - [MESSAGE][PASSED] - Browser is opened with url: ''

2023-08-01 19:05:24 - [TEST_STEP][PASSED] - maximizeWindow(): Current window maximized

2023-08-01 19:05:24 - [MESSAGE][PASSED] - Current window maximized

2023-08-01 19:05:24 - [TEST_STEP][PASSED] - UtilidadesNavegador.zoomOut(3): UtilidadesNavegador.zoomOut is PASSED

2023-08-01 19:05:25 - [MESSAGE][PASSED] - Delayed 1 second(s)

2023-08-01 19:05:26 - [MESSAGE][PASSED] - Delayed 1 second(s)

2023-08-01 19:05:27 - [MESSAGE][PASSED] - Delayed 1 second(s)

2023-08-01 19:05:28 - [MESSAGE][PASSED] - Delayed 1 second(s)

2023-08-01 19:05:28 - [MESSAGE][PASSED] - UtilidadesNavegador.zoomOut is PASSED

2023-08-01 19:05:28 - [TEST_STEP][PASSED] - navigateToUrl(URL): Navigate to 'https://katalon-demo-cura.herokuapp.com/' successfully

2023-08-01 19:05:29 - [MESSAGE][PASSED] - Navigate to 'https://katalon-demo-cura.herokuapp.com/' successfully

2023-08-01 19:05:29 - [TEST_STEP][PASSED] - click(findTestObject("Object Repository/PRACTICA 3/INICIO/click_makeappointment")): Object: 'Object Repository/PRACTICA 3/INICIO/click_makeappointment' is clicked on

2023-08-01 19:05:30 - [MESSAGE][PASSED] - Object: 'Object Repository/PRACTICA 3/INICIO/click_makeappointment' is clicked on

2023-08-01 19:05:31 - [TEST_STEP][PASSED] - setText(findTestObject("Object Repository/PRACTICA 3/LOGIN/input_userName"), userName): Text 'John Doe' is set on object 'Object Repository/PRACTICA 3/LOGIN/input_userName'

2023-08-01 19:05:32 - [MESSAGE][PASSED] - Text 'John Doe' is set on object 'Object Repository/PRACTICA 3/LOGIN/input_userName'

2023-08-01 19:05:32 - [TEST_STEP][PASSED] - setEncryptedText(findTestObject("Object Repository/PRACTICA 3/LOGIN/input_password"), password): Text ****** has been set on object 'Object Repository/PRACTICA 3/LOGIN/input_password'

2023-08-01 19:05:33 - [MESSAGE][PASSED] - Text ****** has been set on object 'Object Repository/PRACTICA 3/LOGIN/input_password'

2023-08-01 19:05:33 - [TEST_STEP][PASSED] - click(findTestObject("Object Repository/PRACTICA 3/LOGIN/button_Login")): Object: 'Object Repository/PRACTICA 3/LOGIN/button_Login' is clicked on

2023-08-01 19:05:34 - [MESSAGE][PASSED] - Object: 'Object Repository/PRACTICA 3/LOGIN/button_Login' is clicked on

2023-08-01 19:05:34 - [MESSAGE][PASSED] - Call Test Case 'Test Cases/PRACTICA 3/TC02_login' successfully

2023-08-01 19:05:34 - [TEST_STEP][PASSED] - selectAllOption(findTestObject("Object Repository/PRACTICA 3/MAKEAPPOINTMENT/select_facility")): All options are selected on object 'Object Repository/PRACTICA 3/MAKEAPPOINTMENT/select_facility'

2023-08-01 19:05:37 - [MESSAGE][PASSED] - All options are selected on object 'Object Repository/PRACTICA 3/MAKEAPPOINTMENT/select_facility'

2023-08-01 19:05:37 - [TEST_STEP][PASSED] - check(findTestObject("Object Repository/PRACTICA 3/MAKEAPPOINTMENT/button_check")): Object 'Object Repository/PRACTICA 3/MAKEAPPOINTMENT/button_check' is checked

2023-08-01 19:05:37 - [MESSAGE][PASSED] - Object 'Object Repository/PRACTICA 3/MAKEAPPOINTMENT/button_check' is checked

2023-08-01 19:05:37 - [TEST_STEP][PASSED] - check(findTestObject("Object Repository/PRACTICA 3/MAKEAPPOINTMENT/input_checkMedicaid")): Object 'Object Repository/PRACTICA 3/MAKEAPPOINTMENT/input_checkMedicaid' is checked

2023-08-01 19:05:38 - [MESSAGE][PASSED] - Object 'Object Repository/PRACTICA 3/MAKEAPPOINTMENT/input_checkMedicaid' is checked

2023-08-01 19:05:38 - [TEST_STEP][PASSED] - setText(findTestObject("Object Repository/PRACTICA 3/MAKEAPPOINTMENT/input_calender"), visita): Text '22-07-2023' is set on object 'Object Repository/PRACTICA 3/MAKEAPPOINTMENT/input_calender'

2023-08-01 19:05:39 - [MESSAGE][PASSED] - Text '22-07-2023' is set on object 'Object Repository/PRACTICA 3/MAKEAPPOINTMENT/input_calender'

2023-08-01 19:05:39 - [TEST_STEP][PASSED] - setText(findTestObject("Object Repository/PRACTICA 3/MAKEAPPOINTMENT/select_text"), texto): Text 'Hola, me gustaria reservar mi visita' is set on object 'Object Repository/PRACTICA 3/MAKEAPPOINTMENT/select_text'

2023-08-01 19:05:39 - [MESSAGE][PASSED] - Text 'Hola, me gustaria reservar mi visita' is set on object 'Object Repository/PRACTICA 3/MAKEAPPOINTMENT/select_text'

2023-08-01 19:05:39 - [TEST_STEP][PASSED] - check(findTestObject("Object Repository/PRACTICA 3/MAKEAPPOINTMENT/button_bookAppointment")): Object 'Object Repository/PRACTICA 3/MAKEAPPOINTMENT/button_bookAppointment' is checked

2023-08-01 19:05:40 - [MESSAGE][PASSED] - Object 'Object Repository/PRACTICA 3/MAKEAPPOINTMENT/button_bookAppointment' is checked

2023-08-01 19:05:40 - [TEST_STEP][PASSED] - takeScreenshot("C:\Evidencias\PRACTICA3.JPG"): Taking screenshot successfully

2023-08-01 19:05:41 - [MESSAGE][PASSED] - Taking screenshot successfully
[[ATTACHMENT|C:\Evidencias\PRACTICA3.JPG]]

2023-08-01 19:05:41 - [TEST_STEP][PASSED] - closeBrowser(): Browser is closed

2023-08-01 19:05:42 - [MESSAGE][PASSED] - Browser is closed

2023-08-01 19:05:44 - [TEST_STEP][PASSED] - Video: Video recording for test case 'Test Cases/PRACTICA 3/TC01_crearCita' .

2023-08-01 19:05:44 - [MESSAGE][INFO] - Video recording for test case 'Test Cases/PRACTICA 3/TC01_crearCita' .]]></system-out>
         <system-err><![CDATA[]]></system-err>
      </testcase>
      <testcase name="Test Cases/PRACTICA 3/TC02_login" time="13.373" classname="Test Cases/PRACTICA 3/TC02_login" status="PASSED">
         <system-out><![CDATA[2023-08-01 19:05:44 - [TEST_CASE][PASSED] - Test Cases/PRACTICA 3/TC02_login: Test Cases/PRACTICA 3/TC02_login

2023-08-01 19:05:44 - [TEST_STEP][PASSED] - openBrowser(""): Browser is opened with url: ''

2023-08-01 19:05:44 - [MESSAGE][INFO] - Starting 'Chrome' driver

2023-08-01 19:05:44 - [MESSAGE][INFO] - Action delay is set to 0 milliseconds

2023-08-01 19:05:47 - [MESSAGE][PASSED] - Browser is opened with url: ''

2023-08-01 19:05:47 - [TEST_STEP][PASSED] - maximizeWindow(): Current window maximized

2023-08-01 19:05:48 - [MESSAGE][PASSED] - Current window maximized

2023-08-01 19:05:48 - [TEST_STEP][PASSED] - UtilidadesNavegador.zoomOut(3): UtilidadesNavegador.zoomOut is PASSED

2023-08-01 19:05:49 - [MESSAGE][PASSED] - Delayed 1 second(s)

2023-08-01 19:05:50 - [MESSAGE][PASSED] - Delayed 1 second(s)

2023-08-01 19:05:51 - [MESSAGE][PASSED] - Delayed 1 second(s)

2023-08-01 19:05:52 - [MESSAGE][PASSED] - Delayed 1 second(s)

2023-08-01 19:05:52 - [MESSAGE][PASSED] - UtilidadesNavegador.zoomOut is PASSED

2023-08-01 19:05:52 - [TEST_STEP][PASSED] - navigateToUrl(URL): Navigate to 'https://katalon-demo-cura.herokuapp.com/' successfully

2023-08-01 19:05:53 - [MESSAGE][PASSED] - Navigate to 'https://katalon-demo-cura.herokuapp.com/' successfully

2023-08-01 19:05:53 - [TEST_STEP][PASSED] - click(findTestObject("Object Repository/PRACTICA 3/INICIO/click_makeappointment")): Object: 'Object Repository/PRACTICA 3/INICIO/click_makeappointment' is clicked on

2023-08-01 19:05:53 - [MESSAGE][PASSED] - Object: 'Object Repository/PRACTICA 3/INICIO/click_makeappointment' is clicked on

2023-08-01 19:05:53 - [TEST_STEP][PASSED] - setText(findTestObject("Object Repository/PRACTICA 3/LOGIN/input_userName"), userName): Text 'John Doe' is set on object 'Object Repository/PRACTICA 3/LOGIN/input_userName'

2023-08-01 19:05:54 - [MESSAGE][PASSED] - Text 'John Doe' is set on object 'Object Repository/PRACTICA 3/LOGIN/input_userName'

2023-08-01 19:05:54 - [TEST_STEP][PASSED] - setEncryptedText(findTestObject("Object Repository/PRACTICA 3/LOGIN/input_password"), password): Text ****** has been set on object 'Object Repository/PRACTICA 3/LOGIN/input_password'

2023-08-01 19:05:54 - [MESSAGE][PASSED] - Text ****** has been set on object 'Object Repository/PRACTICA 3/LOGIN/input_password'

2023-08-01 19:05:54 - [TEST_STEP][PASSED] - click(findTestObject("Object Repository/PRACTICA 3/LOGIN/button_Login")): Object: 'Object Repository/PRACTICA 3/LOGIN/button_Login' is clicked on

2023-08-01 19:05:55 - [MESSAGE][PASSED] - Object: 'Object Repository/PRACTICA 3/LOGIN/button_Login' is clicked on

2023-08-01 19:05:57 - [TEST_STEP][PASSED] - Video: Video recording for test case 'Test Cases/PRACTICA 3/TC02_login' .

2023-08-01 19:05:57 - [MESSAGE][INFO] - Video recording for test case 'Test Cases/PRACTICA 3/TC02_login' .]]></system-out>
         <system-err><![CDATA[]]></system-err>
      </testcase>
      <system-out><![CDATA[2023-08-01 19:05:16 - [TEST_SUITE][PASSED] - REGRESIONP3: Test Cases/PRACTICA 3/TC02_login]]></system-out>
      <system-err><![CDATA[]]></system-err>
   </testsuite>
</testsuites>
