<?xml version="1.0" encoding="UTF-8"?>
<testsuites name="REGRESIONP3" time="25.406" tests="2" failures="0" errors="0">
   <testsuite name="REGRESIONP3" tests="2" failures="0" errors="0" time="25.406" skipped="0" timestamp="2023-07-25 18:15:24" hostname="A2278170 - SIS-A2278170L.edificios.gfbanorte" id="Test Suites/PRUEBA/REGRESIONP3">
      <properties>
         <property name="deviceName" value=""/>
         <property name="devicePlatform" value=""/>
         <property name="logFolder" value="C:\\Katalon\\workshopkatalan\\Reports\\20230725_181519\\PRUEBA\\REGRESIONP3\\20230725_181519"/>
         <property name="logFiles" value="C:\\Katalon\\workshopkatalan\\Reports\\20230725_181519\\PRUEBA\\REGRESIONP3\\20230725_181519\\execution0.log"/>
         <property name="attachments" value="C:\Evidencias\PRACTICA3.JPG"/>
         <property name="hostName" value="A2278170 - SIS-A2278170L.edificios.gfbanorte"/>
         <property name="os" value="Windows 11 64bit"/>
         <property name="katalonVersion" value="8.6.5.208"/>
         <property name="browser" value="Chrome 105.0.0.0"/>
         <property name="hostAddress" value="192.168.0.40"/>
         <property name="sessionId" value="356c30f9a8b2556948cc18cb316e8d4e"/>
         <property name="seleniumVersion" value="3.141.59"/>
         <property name="proxyInformation" value="ProxyInformation { proxyOption=NO_PROXY, proxyServerType=HTTP, username=, password=********, proxyServerAddress=, proxyServerPort=0, executionList=&quot;&quot;, isApplyToDesiredCapabilities=true }"/>
         <property name="platform" value="Windows 11"/>
      </properties>
      <testcase name="Test Cases/PRACTICA 3/TC01_crearCita" time="17.961" classname="Test Cases/PRACTICA 3/TC01_crearCita" status="PASSED">
         <system-out><![CDATA[2023-07-25 18:15:24 - [TEST_CASE][PASSED] - Test Cases/PRACTICA 3/TC01_crearCita: Test Cases/PRACTICA 3/TC01_crearCita

2023-07-25 18:15:25 - [TEST_STEP][PASSED] - callTestCase(findTestCase("PRACTICA 3/TC02_login"), ["userName":"John Doe", "password":"g3/DOGG74jC3Flrr3yH+3D/yKbOqqUNM"], STOP_ON_FAILURE): Call Test Case 'Test Cases/PRACTICA 3/TC02_login' successfully

2023-07-25 18:15:25 - [TEST_CASE][PASSED] - Test Cases/PRACTICA 3/TC02_login: Test Cases/PRACTICA 3/TC02_login

2023-07-25 18:15:25 - [TEST_STEP][PASSED] - openBrowser(""): Browser is opened with url: ''

2023-07-25 18:15:26 - [MESSAGE][INFO] - Starting 'Chrome' driver

2023-07-25 18:15:26 - [MESSAGE][INFO] - Action delay is set to 0 milliseconds

2023-07-25 18:15:30 - [MESSAGE][PASSED] - Browser is opened with url: ''

2023-07-25 18:15:30 - [TEST_STEP][PASSED] - navigateToUrl(URL): Navigate to 'https://katalon-demo-cura.herokuapp.com/' successfully

2023-07-25 18:15:32 - [MESSAGE][PASSED] - Navigate to 'https://katalon-demo-cura.herokuapp.com/' successfully

2023-07-25 18:15:32 - [TEST_STEP][PASSED] - click(findTestObject("Object Repository/PRACTICA 3/INICIO/click_makeappointment")): Object: 'Object Repository/PRACTICA 3/INICIO/click_makeappointment' is clicked on

2023-07-25 18:15:33 - [MESSAGE][PASSED] - Object: 'Object Repository/PRACTICA 3/INICIO/click_makeappointment' is clicked on

2023-07-25 18:15:33 - [TEST_STEP][PASSED] - setText(findTestObject("Object Repository/PRACTICA 3/LOGIN/input_userName"), userName): Text 'John Doe' is set on object 'Object Repository/PRACTICA 3/LOGIN/input_userName'

2023-07-25 18:15:34 - [MESSAGE][PASSED] - Text 'John Doe' is set on object 'Object Repository/PRACTICA 3/LOGIN/input_userName'

2023-07-25 18:15:34 - [TEST_STEP][PASSED] - setEncryptedText(findTestObject("Object Repository/PRACTICA 3/LOGIN/input_password"), password): Text ****** has been set on object 'Object Repository/PRACTICA 3/LOGIN/input_password'

2023-07-25 18:15:34 - [MESSAGE][PASSED] - Text ****** has been set on object 'Object Repository/PRACTICA 3/LOGIN/input_password'

2023-07-25 18:15:34 - [TEST_STEP][PASSED] - click(findTestObject("Object Repository/PRACTICA 3/LOGIN/button_Login")): Object: 'Object Repository/PRACTICA 3/LOGIN/button_Login' is clicked on

2023-07-25 18:15:35 - [MESSAGE][PASSED] - Object: 'Object Repository/PRACTICA 3/LOGIN/button_Login' is clicked on

2023-07-25 18:15:35 - [MESSAGE][PASSED] - Call Test Case 'Test Cases/PRACTICA 3/TC02_login' successfully

2023-07-25 18:15:35 - [TEST_STEP][PASSED] - selectAllOption(findTestObject("Object Repository/PRACTICA 3/MAKEAPPOINTMENT/select_facility")): All options are selected on object 'Object Repository/PRACTICA 3/MAKEAPPOINTMENT/select_facility'

2023-07-25 18:15:38 - [MESSAGE][PASSED] - All options are selected on object 'Object Repository/PRACTICA 3/MAKEAPPOINTMENT/select_facility'

2023-07-25 18:15:38 - [TEST_STEP][PASSED] - check(findTestObject("Object Repository/PRACTICA 3/MAKEAPPOINTMENT/button_check")): Object 'Object Repository/PRACTICA 3/MAKEAPPOINTMENT/button_check' is checked

2023-07-25 18:15:38 - [MESSAGE][PASSED] - Object 'Object Repository/PRACTICA 3/MAKEAPPOINTMENT/button_check' is checked

2023-07-25 18:15:38 - [TEST_STEP][PASSED] - check(findTestObject("Object Repository/PRACTICA 3/MAKEAPPOINTMENT/input_checkMedicaid")): Object 'Object Repository/PRACTICA 3/MAKEAPPOINTMENT/input_checkMedicaid' is checked

2023-07-25 18:15:38 - [MESSAGE][PASSED] - Object 'Object Repository/PRACTICA 3/MAKEAPPOINTMENT/input_checkMedicaid' is checked

2023-07-25 18:15:38 - [TEST_STEP][PASSED] - setText(findTestObject("Object Repository/PRACTICA 3/MAKEAPPOINTMENT/input_calender"), visita): Text '22-07-2023' is set on object 'Object Repository/PRACTICA 3/MAKEAPPOINTMENT/input_calender'

2023-07-25 18:15:39 - [MESSAGE][PASSED] - Text '22-07-2023' is set on object 'Object Repository/PRACTICA 3/MAKEAPPOINTMENT/input_calender'

2023-07-25 18:15:39 - [TEST_STEP][PASSED] - setText(findTestObject("Object Repository/PRACTICA 3/MAKEAPPOINTMENT/select_text"), texto): Text 'Hola, me gustaria reservar mi visita' is set on object 'Object Repository/PRACTICA 3/MAKEAPPOINTMENT/select_text'

2023-07-25 18:15:40 - [MESSAGE][PASSED] - Text 'Hola, me gustaria reservar mi visita' is set on object 'Object Repository/PRACTICA 3/MAKEAPPOINTMENT/select_text'

2023-07-25 18:15:40 - [TEST_STEP][PASSED] - check(findTestObject("Object Repository/PRACTICA 3/MAKEAPPOINTMENT/button_bookAppointment")): Object 'Object Repository/PRACTICA 3/MAKEAPPOINTMENT/button_bookAppointment' is checked

2023-07-25 18:15:41 - [MESSAGE][PASSED] - Object 'Object Repository/PRACTICA 3/MAKEAPPOINTMENT/button_bookAppointment' is checked

2023-07-25 18:15:41 - [TEST_STEP][PASSED] - takeScreenshot("C:\Evidencias\PRACTICA3.JPG"): Taking screenshot successfully

2023-07-25 18:15:41 - [MESSAGE][PASSED] - Taking screenshot successfully
[[ATTACHMENT|C:\Evidencias\PRACTICA3.JPG]]

2023-07-25 18:15:41 - [TEST_STEP][PASSED] - closeBrowser(): Browser is closed

2023-07-25 18:15:42 - [MESSAGE][PASSED] - Browser is closed]]></system-out>
         <system-err><![CDATA[]]></system-err>
      </testcase>
      <testcase name="Test Cases/PRACTICA 3/TC02_login" time="7.105" classname="Test Cases/PRACTICA 3/TC02_login" status="PASSED">
         <system-out><![CDATA[2023-07-25 18:15:42 - [TEST_CASE][PASSED] - Test Cases/PRACTICA 3/TC02_login: Test Cases/PRACTICA 3/TC02_login

2023-07-25 18:15:42 - [TEST_STEP][PASSED] - openBrowser(""): Browser is opened with url: ''

2023-07-25 18:15:42 - [MESSAGE][INFO] - Starting 'Chrome' driver

2023-07-25 18:15:42 - [MESSAGE][INFO] - Action delay is set to 0 milliseconds

2023-07-25 18:15:45 - [MESSAGE][PASSED] - Browser is opened with url: ''

2023-07-25 18:15:45 - [TEST_STEP][PASSED] - navigateToUrl(URL): Navigate to 'https://katalon-demo-cura.herokuapp.com/' successfully

2023-07-25 18:15:47 - [MESSAGE][PASSED] - Navigate to 'https://katalon-demo-cura.herokuapp.com/' successfully

2023-07-25 18:15:47 - [TEST_STEP][PASSED] - click(findTestObject("Object Repository/PRACTICA 3/INICIO/click_makeappointment")): Object: 'Object Repository/PRACTICA 3/INICIO/click_makeappointment' is clicked on

2023-07-25 18:15:47 - [MESSAGE][PASSED] - Object: 'Object Repository/PRACTICA 3/INICIO/click_makeappointment' is clicked on

2023-07-25 18:15:47 - [TEST_STEP][PASSED] - setText(findTestObject("Object Repository/PRACTICA 3/LOGIN/input_userName"), userName): Text 'John Doe' is set on object 'Object Repository/PRACTICA 3/LOGIN/input_userName'

2023-07-25 18:15:48 - [MESSAGE][PASSED] - Text 'John Doe' is set on object 'Object Repository/PRACTICA 3/LOGIN/input_userName'

2023-07-25 18:15:48 - [TEST_STEP][PASSED] - setEncryptedText(findTestObject("Object Repository/PRACTICA 3/LOGIN/input_password"), password): Text ****** has been set on object 'Object Repository/PRACTICA 3/LOGIN/input_password'

2023-07-25 18:15:48 - [MESSAGE][PASSED] - Text ****** has been set on object 'Object Repository/PRACTICA 3/LOGIN/input_password'

2023-07-25 18:15:48 - [TEST_STEP][PASSED] - click(findTestObject("Object Repository/PRACTICA 3/LOGIN/button_Login")): Object: 'Object Repository/PRACTICA 3/LOGIN/button_Login' is clicked on

2023-07-25 18:15:49 - [MESSAGE][PASSED] - Object: 'Object Repository/PRACTICA 3/LOGIN/button_Login' is clicked on]]></system-out>
         <system-err><![CDATA[]]></system-err>
      </testcase>
      <system-out><![CDATA[2023-07-25 18:15:24 - [TEST_SUITE][PASSED] - REGRESIONP3: Test Cases/PRACTICA 3/TC02_login]]></system-out>
      <system-err><![CDATA[]]></system-err>
   </testsuite>
</testsuites>
