<?xml version="1.0" encoding="UTF-8"?>
<testsuites name="TC_alta" time="110.425" tests="3" failures="0" errors="0">
   <testsuite name="TC_alta" tests="3" failures="0" errors="0" time="110.425" skipped="0" timestamp="2023-07-31 19:40:53" hostname="A2278170 - SIS-A2278170L.edificios.gfbanorte" id="Test Suites/TC_alta">
      <properties>
         <property name="deviceName" value=""/>
         <property name="devicePlatform" value=""/>
         <property name="logFolder" value="C:\\Katalon\\workshopkatalan\\Reports\\20230731_194049\\TC_alta\\20230731_194049"/>
         <property name="logFiles" value="C:\\Katalon\\workshopkatalan\\Reports\\20230731_194049\\TC_alta\\20230731_194049\\execution0.log"/>
         <property name="attachments" value=""/>
         <property name="hostName" value="A2278170 - SIS-A2278170L.edificios.gfbanorte"/>
         <property name="os" value="Windows 11 64bit"/>
         <property name="katalonVersion" value="8.6.5.208"/>
         <property name="browser" value="Chrome 105.0.0.0"/>
         <property name="hostAddress" value="192.168.0.42"/>
         <property name="sessionId" value="46af330e4469bb4368c92089ed55380b"/>
         <property name="seleniumVersion" value="3.141.59"/>
         <property name="proxyInformation" value="ProxyInformation { proxyOption=NO_PROXY, proxyServerType=HTTP, username=, password=********, proxyServerAddress=, proxyServerPort=0, executionList=&quot;&quot;, isApplyToDesiredCapabilities=true }"/>
         <property name="platform" value="Windows 11"/>
      </properties>
      <testcase name="Test Cases/ALTAFORMULARIO/llenado_formulario" time="43.801" classname="Test Cases/ALTAFORMULARIO/llenado_formulario" status="PASSED">
         <system-out><![CDATA[2023-07-31 19:40:53 - [TEST_CASE][PASSED] - Test Cases/ALTAFORMULARIO/llenado_formulario: Test Cases/ALTAFORMULARIO/llenado_formulario

2023-07-31 19:40:54 - [TEST_STEP][PASSED] - callTestCase(findTestCase("ALTAFORMULARIO/login"), [:], STOP_ON_FAILURE): Call Test Case 'Test Cases/ALTAFORMULARIO/login' successfully

2023-07-31 19:40:55 - [TEST_CASE][PASSED] - Test Cases/ALTAFORMULARIO/login: Test Cases/ALTAFORMULARIO/login

2023-07-31 19:40:55 - [TEST_STEP][PASSED] - openBrowser("https://demoqa.com/login"): Browser is opened with url: 'https://demoqa.com/login'

2023-07-31 19:40:56 - [MESSAGE][INFO] - Starting 'Chrome' driver

2023-07-31 19:40:56 - [MESSAGE][INFO] - Action delay is set to 0 milliseconds

2023-07-31 19:41:17 - [MESSAGE][PASSED] - Browser is opened with url: 'https://demoqa.com/login'

2023-07-31 19:41:17 - [TEST_STEP][PASSED] - UtilidadesNavegador.zoomOut(3): UtilidadesNavegador.zoomOut is PASSED

2023-07-31 19:41:18 - [MESSAGE][PASSED] - Delayed 1 second(s)

2023-07-31 19:41:19 - [MESSAGE][PASSED] - Delayed 1 second(s)

2023-07-31 19:41:20 - [MESSAGE][PASSED] - Delayed 1 second(s)

2023-07-31 19:41:21 - [MESSAGE][PASSED] - Delayed 1 second(s)

2023-07-31 19:41:21 - [MESSAGE][PASSED] - UtilidadesNavegador.zoomOut is PASSED

2023-07-31 19:41:21 - [TEST_STEP][PASSED] - maximizeWindow(): Current window maximized

2023-07-31 19:41:22 - [MESSAGE][PASSED] - Current window maximized

2023-07-31 19:41:22 - [TEST_STEP][PASSED] - scrollToElement(findTestObject("ALTAFORMULARIO/login/input_UserName_userName"), 0): Scroll to object 'Object Repository/ALTAFORMULARIO/login/input_UserName_userName' successfully

2023-07-31 19:41:22 - [MESSAGE][WARNING] - Timeout '0' is invalid. Using default page load timeout: '30'

2023-07-31 19:41:22 - [MESSAGE][PASSED] - Scroll to object 'Object Repository/ALTAFORMULARIO/login/input_UserName_userName' successfully

2023-07-31 19:41:22 - [TEST_STEP][PASSED] - setText(findTestObject("ALTAFORMULARIO/login/input_UserName_userName"), "jsantosmtz"): Text 'jsantosmtz' is set on object 'Object Repository/ALTAFORMULARIO/login/input_UserName_userName'

2023-07-31 19:41:23 - [MESSAGE][PASSED] - Text 'jsantosmtz' is set on object 'Object Repository/ALTAFORMULARIO/login/input_UserName_userName'

2023-07-31 19:41:23 - [TEST_STEP][PASSED] - setEncryptedText(findTestObject("ALTAFORMULARIO/login/input_Password_password"), "KwoNkYu7QNR8qWM+Gg8WL05fv8P8mr+8"): Text ****** has been set on object 'Object Repository/ALTAFORMULARIO/login/input_Password_password'

2023-07-31 19:41:24 - [MESSAGE][PASSED] - Text ****** has been set on object 'Object Repository/ALTAFORMULARIO/login/input_Password_password'

2023-07-31 19:41:24 - [TEST_STEP][PASSED] - click(findTestObject("ALTAFORMULARIO/login/button_Login")): Object: 'Object Repository/ALTAFORMULARIO/login/button_Login' is clicked on

2023-07-31 19:41:24 - [MESSAGE][PASSED] - Object: 'Object Repository/ALTAFORMULARIO/login/button_Login' is clicked on

2023-07-31 19:41:24 - [MESSAGE][PASSED] - Call Test Case 'Test Cases/ALTAFORMULARIO/login' successfully

2023-07-31 19:41:24 - [TEST_STEP][PASSED] - click(findTestObject("ALTAFORMULARIO/elements_Webtables/div_Elements")): Object: 'Object Repository/ALTAFORMULARIO/elements_Webtables/div_Elements' is clicked on

2023-07-31 19:41:26 - [MESSAGE][PASSED] - Object: 'Object Repository/ALTAFORMULARIO/elements_Webtables/div_Elements' is clicked on

2023-07-31 19:41:26 - [TEST_STEP][PASSED] - scrollToElement(findTestObject("ALTAFORMULARIO/elements_Webtables/div_Elements"), 0): Scroll to object 'Object Repository/ALTAFORMULARIO/elements_Webtables/div_Elements' successfully

2023-07-31 19:41:26 - [MESSAGE][WARNING] - Timeout '0' is invalid. Using default page load timeout: '30'

2023-07-31 19:41:27 - [MESSAGE][PASSED] - Scroll to object 'Object Repository/ALTAFORMULARIO/elements_Webtables/div_Elements' successfully

2023-07-31 19:41:27 - [TEST_STEP][PASSED] - click(findTestObject("ALTAFORMULARIO/elements_Webtables/span_Web Tables")): Object: 'Object Repository/ALTAFORMULARIO/elements_Webtables/span_Web Tables' is clicked on

2023-07-31 19:41:27 - [MESSAGE][PASSED] - Object: 'Object Repository/ALTAFORMULARIO/elements_Webtables/span_Web Tables' is clicked on

2023-07-31 19:41:27 - [TEST_STEP][PASSED] - click(findTestObject("ALTAFORMULARIO/elements_Webtables/button_Add")): Object: 'Object Repository/ALTAFORMULARIO/elements_Webtables/button_Add' is clicked on

2023-07-31 19:41:28 - [MESSAGE][PASSED] - Object: 'Object Repository/ALTAFORMULARIO/elements_Webtables/button_Add' is clicked on

2023-07-31 19:41:28 - [TEST_STEP][PASSED] - setText(findTestObject("ALTAFORMULARIO/elements_Webtables/input_First Name_firstName"), Nombre): Text 'Juan ' is set on object 'Object Repository/ALTAFORMULARIO/elements_Webtables/input_First Name_firstName'

2023-07-31 19:41:28 - [MESSAGE][PASSED] - Text 'Juan ' is set on object 'Object Repository/ALTAFORMULARIO/elements_Webtables/input_First Name_firstName'

2023-07-31 19:41:28 - [TEST_STEP][PASSED] - setText(findTestObject("ALTAFORMULARIO/elements_Webtables/input_Last Name_lastName"), Apellido): Text 'Santos' is set on object 'Object Repository/ALTAFORMULARIO/elements_Webtables/input_Last Name_lastName'

2023-07-31 19:41:29 - [MESSAGE][PASSED] - Text 'Santos' is set on object 'Object Repository/ALTAFORMULARIO/elements_Webtables/input_Last Name_lastName'

2023-07-31 19:41:29 - [TEST_STEP][PASSED] - setText(findTestObject("ALTAFORMULARIO/elements_Webtables/input_Email_userEmail"), Correo): Text 'jsammtz@gmail.com' is set on object 'Object Repository/ALTAFORMULARIO/elements_Webtables/input_Email_userEmail'

2023-07-31 19:41:30 - [MESSAGE][PASSED] - Text 'jsammtz@gmail.com' is set on object 'Object Repository/ALTAFORMULARIO/elements_Webtables/input_Email_userEmail'

2023-07-31 19:41:30 - [TEST_STEP][PASSED] - setText(findTestObject("ALTAFORMULARIO/elements_Webtables/input_Age_age"), Edad): Text '33' is set on object 'Object Repository/ALTAFORMULARIO/elements_Webtables/input_Age_age'

2023-07-31 19:41:31 - [MESSAGE][PASSED] - Text '33' is set on object 'Object Repository/ALTAFORMULARIO/elements_Webtables/input_Age_age'

2023-07-31 19:41:31 - [TEST_STEP][PASSED] - setText(findTestObject("ALTAFORMULARIO/elements_Webtables/input_Salary_salary"), Salario): Text '6000' is set on object 'Object Repository/ALTAFORMULARIO/elements_Webtables/input_Salary_salary'

2023-07-31 19:41:32 - [MESSAGE][PASSED] - Text '6000' is set on object 'Object Repository/ALTAFORMULARIO/elements_Webtables/input_Salary_salary'

2023-07-31 19:41:32 - [TEST_STEP][PASSED] - setText(findTestObject("ALTAFORMULARIO/elements_Webtables/input_Department_department"), Departamento): Text 'TI' is set on object 'Object Repository/ALTAFORMULARIO/elements_Webtables/input_Department_department'

2023-07-31 19:41:33 - [MESSAGE][PASSED] - Text 'TI' is set on object 'Object Repository/ALTAFORMULARIO/elements_Webtables/input_Department_department'

2023-07-31 19:41:33 - [TEST_STEP][PASSED] - click(findTestObject("ALTAFORMULARIO/elements_Webtables/button_Submit")): Object: 'Object Repository/ALTAFORMULARIO/elements_Webtables/button_Submit' is clicked on

2023-07-31 19:41:33 - [MESSAGE][PASSED] - Object: 'Object Repository/ALTAFORMULARIO/elements_Webtables/button_Submit' is clicked on

2023-07-31 19:41:33 - [TEST_STEP][PASSED] - scrollToElement(findTestObject("ALTAFORMULARIO/elements_Webtables/input_Add_searchBox"), 0): Scroll to object 'Object Repository/ALTAFORMULARIO/elements_Webtables/input_Add_searchBox' successfully

2023-07-31 19:41:33 - [MESSAGE][WARNING] - Timeout '0' is invalid. Using default page load timeout: '30'

2023-07-31 19:41:34 - [MESSAGE][PASSED] - Scroll to object 'Object Repository/ALTAFORMULARIO/elements_Webtables/input_Add_searchBox' successfully

2023-07-31 19:41:34 - [TEST_STEP][PASSED] - click(findTestObject("ALTAFORMULARIO/elements_Webtables/input_Add_searchBox")): Object: 'Object Repository/ALTAFORMULARIO/elements_Webtables/input_Add_searchBox' is clicked on

2023-07-31 19:41:34 - [MESSAGE][PASSED] - Object: 'Object Repository/ALTAFORMULARIO/elements_Webtables/input_Add_searchBox' is clicked on

2023-07-31 19:41:34 - [TEST_STEP][PASSED] - setText(findTestObject("ALTAFORMULARIO/elements_Webtables/input_Add_searchBox"), "Pedro Pablo"): Text 'Pedro Pablo' is set on object 'Object Repository/ALTAFORMULARIO/elements_Webtables/input_Add_searchBox'

2023-07-31 19:41:35 - [MESSAGE][PASSED] - Text 'Pedro Pablo' is set on object 'Object Repository/ALTAFORMULARIO/elements_Webtables/input_Add_searchBox'

2023-07-31 19:41:37 - [TEST_STEP][PASSED] - Video: Video recording for test case 'Test Cases/ALTAFORMULARIO/llenado_formulario' .

2023-07-31 19:41:37 - [MESSAGE][INFO] - Video recording for test case 'Test Cases/ALTAFORMULARIO/llenado_formulario' .]]></system-out>
         <system-err><![CDATA[]]></system-err>
      </testcase>
      <testcase name="Test Cases/ALTAFORMULARIO/llenado_formulario" time="38.797" classname="Test Cases/ALTAFORMULARIO/llenado_formulario" status="PASSED">
         <system-out><![CDATA[2023-07-31 19:41:37 - [TEST_CASE][PASSED] - Test Cases/ALTAFORMULARIO/llenado_formulario: Test Cases/ALTAFORMULARIO/llenado_formulario

2023-07-31 19:41:37 - [TEST_STEP][PASSED] - callTestCase(findTestCase("ALTAFORMULARIO/login"), [:], STOP_ON_FAILURE): Call Test Case 'Test Cases/ALTAFORMULARIO/login' successfully

2023-07-31 19:41:37 - [TEST_CASE][PASSED] - Test Cases/ALTAFORMULARIO/login: Test Cases/ALTAFORMULARIO/login

2023-07-31 19:41:37 - [TEST_STEP][PASSED] - openBrowser("https://demoqa.com/login"): Browser is opened with url: 'https://demoqa.com/login'

2023-07-31 19:41:37 - [MESSAGE][WARNING] - A browser is already opened. Closing browser and opening a new one

2023-07-31 19:41:38 - [MESSAGE][INFO] - Starting 'Chrome' driver

2023-07-31 19:41:38 - [MESSAGE][INFO] - Action delay is set to 0 milliseconds

2023-07-31 19:41:56 - [MESSAGE][PASSED] - Browser is opened with url: 'https://demoqa.com/login'

2023-07-31 19:41:56 - [TEST_STEP][PASSED] - UtilidadesNavegador.zoomOut(3): UtilidadesNavegador.zoomOut is PASSED

2023-07-31 19:41:57 - [MESSAGE][PASSED] - Delayed 1 second(s)

2023-07-31 19:41:58 - [MESSAGE][PASSED] - Delayed 1 second(s)

2023-07-31 19:41:59 - [MESSAGE][PASSED] - Delayed 1 second(s)

2023-07-31 19:42:00 - [MESSAGE][PASSED] - Delayed 1 second(s)

2023-07-31 19:42:00 - [MESSAGE][PASSED] - UtilidadesNavegador.zoomOut is PASSED

2023-07-31 19:42:00 - [TEST_STEP][PASSED] - maximizeWindow(): Current window maximized

2023-07-31 19:42:01 - [MESSAGE][PASSED] - Current window maximized

2023-07-31 19:42:01 - [TEST_STEP][PASSED] - scrollToElement(findTestObject("ALTAFORMULARIO/login/input_UserName_userName"), 0): Scroll to object 'Object Repository/ALTAFORMULARIO/login/input_UserName_userName' successfully

2023-07-31 19:42:01 - [MESSAGE][WARNING] - Timeout '0' is invalid. Using default page load timeout: '30'

2023-07-31 19:42:02 - [MESSAGE][PASSED] - Scroll to object 'Object Repository/ALTAFORMULARIO/login/input_UserName_userName' successfully

2023-07-31 19:42:02 - [TEST_STEP][PASSED] - setText(findTestObject("ALTAFORMULARIO/login/input_UserName_userName"), "jsantosmtz"): Text 'jsantosmtz' is set on object 'Object Repository/ALTAFORMULARIO/login/input_UserName_userName'

2023-07-31 19:42:02 - [MESSAGE][PASSED] - Text 'jsantosmtz' is set on object 'Object Repository/ALTAFORMULARIO/login/input_UserName_userName'

2023-07-31 19:42:02 - [TEST_STEP][PASSED] - setEncryptedText(findTestObject("ALTAFORMULARIO/login/input_Password_password"), "KwoNkYu7QNR8qWM+Gg8WL05fv8P8mr+8"): Text ****** has been set on object 'Object Repository/ALTAFORMULARIO/login/input_Password_password'

2023-07-31 19:42:03 - [MESSAGE][PASSED] - Text ****** has been set on object 'Object Repository/ALTAFORMULARIO/login/input_Password_password'

2023-07-31 19:42:03 - [TEST_STEP][PASSED] - click(findTestObject("ALTAFORMULARIO/login/button_Login")): Object: 'Object Repository/ALTAFORMULARIO/login/button_Login' is clicked on

2023-07-31 19:42:03 - [MESSAGE][PASSED] - Object: 'Object Repository/ALTAFORMULARIO/login/button_Login' is clicked on

2023-07-31 19:42:03 - [MESSAGE][PASSED] - Call Test Case 'Test Cases/ALTAFORMULARIO/login' successfully

2023-07-31 19:42:03 - [TEST_STEP][PASSED] - click(findTestObject("ALTAFORMULARIO/elements_Webtables/div_Elements")): Object: 'Object Repository/ALTAFORMULARIO/elements_Webtables/div_Elements' is clicked on

2023-07-31 19:42:05 - [MESSAGE][PASSED] - Object: 'Object Repository/ALTAFORMULARIO/elements_Webtables/div_Elements' is clicked on

2023-07-31 19:42:05 - [TEST_STEP][PASSED] - scrollToElement(findTestObject("ALTAFORMULARIO/elements_Webtables/div_Elements"), 0): Scroll to object 'Object Repository/ALTAFORMULARIO/elements_Webtables/div_Elements' successfully

2023-07-31 19:42:05 - [MESSAGE][WARNING] - Timeout '0' is invalid. Using default page load timeout: '30'

2023-07-31 19:42:05 - [MESSAGE][PASSED] - Scroll to object 'Object Repository/ALTAFORMULARIO/elements_Webtables/div_Elements' successfully

2023-07-31 19:42:05 - [TEST_STEP][PASSED] - click(findTestObject("ALTAFORMULARIO/elements_Webtables/span_Web Tables")): Object: 'Object Repository/ALTAFORMULARIO/elements_Webtables/span_Web Tables' is clicked on

2023-07-31 19:42:06 - [MESSAGE][PASSED] - Object: 'Object Repository/ALTAFORMULARIO/elements_Webtables/span_Web Tables' is clicked on

2023-07-31 19:42:06 - [TEST_STEP][PASSED] - click(findTestObject("ALTAFORMULARIO/elements_Webtables/button_Add")): Object: 'Object Repository/ALTAFORMULARIO/elements_Webtables/button_Add' is clicked on

2023-07-31 19:42:06 - [MESSAGE][PASSED] - Object: 'Object Repository/ALTAFORMULARIO/elements_Webtables/button_Add' is clicked on

2023-07-31 19:42:06 - [TEST_STEP][PASSED] - setText(findTestObject("ALTAFORMULARIO/elements_Webtables/input_First Name_firstName"), Nombre): Text 'Hector' is set on object 'Object Repository/ALTAFORMULARIO/elements_Webtables/input_First Name_firstName'

2023-07-31 19:42:07 - [MESSAGE][PASSED] - Text 'Hector' is set on object 'Object Repository/ALTAFORMULARIO/elements_Webtables/input_First Name_firstName'

2023-07-31 19:42:07 - [TEST_STEP][PASSED] - setText(findTestObject("ALTAFORMULARIO/elements_Webtables/input_Last Name_lastName"), Apellido): Text 'Martinez' is set on object 'Object Repository/ALTAFORMULARIO/elements_Webtables/input_Last Name_lastName'

2023-07-31 19:42:08 - [MESSAGE][PASSED] - Text 'Martinez' is set on object 'Object Repository/ALTAFORMULARIO/elements_Webtables/input_Last Name_lastName'

2023-07-31 19:42:08 - [TEST_STEP][PASSED] - setText(findTestObject("ALTAFORMULARIO/elements_Webtables/input_Email_userEmail"), Correo): Text 'hectormtz@gmail.com' is set on object 'Object Repository/ALTAFORMULARIO/elements_Webtables/input_Email_userEmail'

2023-07-31 19:42:09 - [MESSAGE][PASSED] - Text 'hectormtz@gmail.com' is set on object 'Object Repository/ALTAFORMULARIO/elements_Webtables/input_Email_userEmail'

2023-07-31 19:42:09 - [TEST_STEP][PASSED] - setText(findTestObject("ALTAFORMULARIO/elements_Webtables/input_Age_age"), Edad): Text '22' is set on object 'Object Repository/ALTAFORMULARIO/elements_Webtables/input_Age_age'

2023-07-31 19:42:10 - [MESSAGE][PASSED] - Text '22' is set on object 'Object Repository/ALTAFORMULARIO/elements_Webtables/input_Age_age'

2023-07-31 19:42:10 - [TEST_STEP][PASSED] - setText(findTestObject("ALTAFORMULARIO/elements_Webtables/input_Salary_salary"), Salario): Text '8000' is set on object 'Object Repository/ALTAFORMULARIO/elements_Webtables/input_Salary_salary'

2023-07-31 19:42:11 - [MESSAGE][PASSED] - Text '8000' is set on object 'Object Repository/ALTAFORMULARIO/elements_Webtables/input_Salary_salary'

2023-07-31 19:42:11 - [TEST_STEP][PASSED] - setText(findTestObject("ALTAFORMULARIO/elements_Webtables/input_Department_department"), Departamento): Text 'SEGURIDAD' is set on object 'Object Repository/ALTAFORMULARIO/elements_Webtables/input_Department_department'

2023-07-31 19:42:12 - [MESSAGE][PASSED] - Text 'SEGURIDAD' is set on object 'Object Repository/ALTAFORMULARIO/elements_Webtables/input_Department_department'

2023-07-31 19:42:12 - [TEST_STEP][PASSED] - click(findTestObject("ALTAFORMULARIO/elements_Webtables/button_Submit")): Object: 'Object Repository/ALTAFORMULARIO/elements_Webtables/button_Submit' is clicked on

2023-07-31 19:42:12 - [MESSAGE][PASSED] - Object: 'Object Repository/ALTAFORMULARIO/elements_Webtables/button_Submit' is clicked on

2023-07-31 19:42:12 - [TEST_STEP][PASSED] - scrollToElement(findTestObject("ALTAFORMULARIO/elements_Webtables/input_Add_searchBox"), 0): Scroll to object 'Object Repository/ALTAFORMULARIO/elements_Webtables/input_Add_searchBox' successfully

2023-07-31 19:42:12 - [MESSAGE][WARNING] - Timeout '0' is invalid. Using default page load timeout: '30'

2023-07-31 19:42:13 - [MESSAGE][PASSED] - Scroll to object 'Object Repository/ALTAFORMULARIO/elements_Webtables/input_Add_searchBox' successfully

2023-07-31 19:42:13 - [TEST_STEP][PASSED] - click(findTestObject("ALTAFORMULARIO/elements_Webtables/input_Add_searchBox")): Object: 'Object Repository/ALTAFORMULARIO/elements_Webtables/input_Add_searchBox' is clicked on

2023-07-31 19:42:13 - [MESSAGE][PASSED] - Object: 'Object Repository/ALTAFORMULARIO/elements_Webtables/input_Add_searchBox' is clicked on

2023-07-31 19:42:13 - [TEST_STEP][PASSED] - setText(findTestObject("ALTAFORMULARIO/elements_Webtables/input_Add_searchBox"), "Pedro Pablo"): Text 'Pedro Pablo' is set on object 'Object Repository/ALTAFORMULARIO/elements_Webtables/input_Add_searchBox'

2023-07-31 19:42:14 - [MESSAGE][PASSED] - Text 'Pedro Pablo' is set on object 'Object Repository/ALTAFORMULARIO/elements_Webtables/input_Add_searchBox'

2023-07-31 19:42:16 - [TEST_STEP][PASSED] - Video: Video recording for test case 'Test Cases/ALTAFORMULARIO/llenado_formulario' .

2023-07-31 19:42:16 - [MESSAGE][INFO] - Video recording for test case 'Test Cases/ALTAFORMULARIO/llenado_formulario' .]]></system-out>
         <system-err><![CDATA[]]></system-err>
      </testcase>
      <testcase name="Test Cases/ALTAFORMULARIO/login" time="27.344" classname="Test Cases/ALTAFORMULARIO/login" status="PASSED">
         <system-out><![CDATA[2023-07-31 19:42:16 - [TEST_CASE][PASSED] - Test Cases/ALTAFORMULARIO/login: Test Cases/ALTAFORMULARIO/login

2023-07-31 19:42:16 - [TEST_STEP][PASSED] - openBrowser("https://demoqa.com/login"): Browser is opened with url: 'https://demoqa.com/login'

2023-07-31 19:42:16 - [MESSAGE][WARNING] - A browser is already opened. Closing browser and opening a new one

2023-07-31 19:42:17 - [MESSAGE][INFO] - Starting 'Chrome' driver

2023-07-31 19:42:17 - [MESSAGE][INFO] - Action delay is set to 0 milliseconds

2023-07-31 19:42:35 - [MESSAGE][PASSED] - Browser is opened with url: 'https://demoqa.com/login'

2023-07-31 19:42:35 - [TEST_STEP][PASSED] - UtilidadesNavegador.zoomOut(3): UtilidadesNavegador.zoomOut is PASSED

2023-07-31 19:42:36 - [MESSAGE][PASSED] - Delayed 1 second(s)

2023-07-31 19:42:37 - [MESSAGE][PASSED] - Delayed 1 second(s)

2023-07-31 19:42:38 - [MESSAGE][PASSED] - Delayed 1 second(s)

2023-07-31 19:42:39 - [MESSAGE][PASSED] - Delayed 1 second(s)

2023-07-31 19:42:39 - [MESSAGE][PASSED] - UtilidadesNavegador.zoomOut is PASSED

2023-07-31 19:42:39 - [TEST_STEP][PASSED] - maximizeWindow(): Current window maximized

2023-07-31 19:42:39 - [MESSAGE][PASSED] - Current window maximized

2023-07-31 19:42:39 - [TEST_STEP][PASSED] - scrollToElement(findTestObject("ALTAFORMULARIO/login/input_UserName_userName"), 0): Scroll to object 'Object Repository/ALTAFORMULARIO/login/input_UserName_userName' successfully

2023-07-31 19:42:39 - [MESSAGE][WARNING] - Timeout '0' is invalid. Using default page load timeout: '30'

2023-07-31 19:42:40 - [MESSAGE][PASSED] - Scroll to object 'Object Repository/ALTAFORMULARIO/login/input_UserName_userName' successfully

2023-07-31 19:42:40 - [TEST_STEP][PASSED] - setText(findTestObject("ALTAFORMULARIO/login/input_UserName_userName"), "jsantosmtz"): Text 'jsantosmtz' is set on object 'Object Repository/ALTAFORMULARIO/login/input_UserName_userName'

2023-07-31 19:42:41 - [MESSAGE][PASSED] - Text 'jsantosmtz' is set on object 'Object Repository/ALTAFORMULARIO/login/input_UserName_userName'

2023-07-31 19:42:41 - [TEST_STEP][PASSED] - setEncryptedText(findTestObject("ALTAFORMULARIO/login/input_Password_password"), "KwoNkYu7QNR8qWM+Gg8WL05fv8P8mr+8"): Text ****** has been set on object 'Object Repository/ALTAFORMULARIO/login/input_Password_password'

2023-07-31 19:42:41 - [MESSAGE][PASSED] - Text ****** has been set on object 'Object Repository/ALTAFORMULARIO/login/input_Password_password'

2023-07-31 19:42:41 - [TEST_STEP][PASSED] - click(findTestObject("ALTAFORMULARIO/login/button_Login")): Object: 'Object Repository/ALTAFORMULARIO/login/button_Login' is clicked on

2023-07-31 19:42:41 - [MESSAGE][PASSED] - Object: 'Object Repository/ALTAFORMULARIO/login/button_Login' is clicked on

2023-07-31 19:42:43 - [TEST_STEP][PASSED] - Video: Video recording for test case 'Test Cases/ALTAFORMULARIO/login' .

2023-07-31 19:42:43 - [MESSAGE][INFO] - Video recording for test case 'Test Cases/ALTAFORMULARIO/login' .]]></system-out>
         <system-err><![CDATA[]]></system-err>
      </testcase>
      <system-out><![CDATA[2023-07-31 19:40:53 - [TEST_SUITE][PASSED] - TC_alta: Test Cases/ALTAFORMULARIO/login]]></system-out>
      <system-err><![CDATA[]]></system-err>
   </testsuite>
</testsuites>
